<?xml version="1.0" encoding="UTF-8"?>
<testsuite name="com.aor.numbers.ListSorterTest" tests="2" skipped="0" failures="0" errors="0" timestamp="2020-03-12T20:23:57" hostname="manjaro" time="0.001">
  <properties/>
  <testcase name="sortCornerCase" classname="com.aor.numbers.ListSorterTest" time="0.001"/>
  <testcase name="sort" classname="com.aor.numbers.ListSorterTest" time="0.0"/>
  <system-out><![CDATA[]]></system-out>
  <system-err><![CDATA[]]></system-err>
</testsuite>
