<?xml version="1.0" encoding="UTF-8"?>
<testsuite name="StringTransformerTest" tests="5" skipped="0" failures="0" errors="0" timestamp="2020-03-26T19:59:36" hostname="manjaro" time="0.004">
  <properties/>
  <testcase name="stringReplacer" classname="StringTransformerTest" time="0.001"/>
  <testcase name="stringInverter" classname="StringTransformerTest" time="0.001"/>
  <testcase name="transformerGroup" classname="StringTransformerTest" time="0.001"/>
  <testcase name="transformerComposite" classname="StringTransformerTest" time="0.001"/>
  <testcase name="stringCaseChanger" classname="StringTransformerTest" time="0.0"/>
  <system-out><![CDATA[]]></system-out>
  <system-err><![CDATA[]]></system-err>
</testsuite>
