<?xml version="1.0" encoding="UTF-8"?>
<testsuite name="StringBarTest" tests="3" skipped="0" failures="0" errors="0" timestamp="2020-03-26T19:59:36" hostname="manjaro" time="0.33">
  <properties/>
  <testcase name="happyHour" classname="StringBarTest" time="0.0"/>
  <testcase name="removeObserver" classname="StringBarTest" time="0.323"/>
  <testcase name="addObserver" classname="StringBarTest" time="0.007"/>
  <system-out><![CDATA[]]></system-out>
  <system-err><![CDATA[]]></system-err>
</testsuite>
